<?xml version="1.0" encoding="UTF-8"?>
<!-- Generated by org.testng.reporters.JUnitReportReporter -->
<testsuite skipped="0" hostname="MeghShiv" name="com.herokuapp.testsuite.LoginPageTest" tests="3" failures="0" timestamp="2022-12-13T13:44:56 GMT" time="14.725" errors="0">
  <testcase name="verifyTheUsernameErrorMessage" time="4.805" classname="com.herokuapp.testsuite.LoginPageTest"/>
  <system-out>
    <![CDATA[Enter Username[[ChromeDriver: chrome on WINDOWS (7abafd3f85512ff35341d14c930edea5)] -> name: username]
Enter Password[[ChromeDriver: chrome on WINDOWS (7abafd3f85512ff35341d14c930edea5)] -> name: password]
Click On Login Button[[ChromeDriver: chrome on WINDOWS (7abafd3f85512ff35341d14c930edea5)] -> xpath: //button[@class='radius']]
Verify Username Error Message[[ChromeDriver: chrome on WINDOWS (7abafd3f85512ff35341d14c930edea5)] -> xpath: //div[@id='flash-messages']/div[1]]]]>
  </system-out>
  <testcase name="verifyThePasswordErrorMessage" time="5.097" classname="com.herokuapp.testsuite.LoginPageTest"/>
  <system-out>
    <![CDATA[Enter Username[[ChromeDriver: chrome on WINDOWS (cd6f89845c99d5767c4189405d96cdc0)] -> name: username]
Enter Password[[ChromeDriver: chrome on WINDOWS (cd6f89845c99d5767c4189405d96cdc0)] -> name: password]
Click On Login Button[[ChromeDriver: chrome on WINDOWS (cd6f89845c99d5767c4189405d96cdc0)] -> xpath: //button[@class='radius']]
Verify Password Error Message[[ChromeDriver: chrome on WINDOWS (cd6f89845c99d5767c4189405d96cdc0)] -> xpath: //div[@id='flash-messages']//div[1]]]]>
  </system-out>
  <testcase name="userShouldLoginSuccessfullyWithValidCredentials" time="4.823" classname="com.herokuapp.testsuite.LoginPageTest"/>
  <system-out>
    <![CDATA[Enter Username[[ChromeDriver: chrome on WINDOWS (e7bbdf697712f8566933cc778adeaf4a)] -> name: username]
Enter Password[[ChromeDriver: chrome on WINDOWS (e7bbdf697712f8566933cc778adeaf4a)] -> name: password]
Click On Login Button[[ChromeDriver: chrome on WINDOWS (e7bbdf697712f8566933cc778adeaf4a)] -> xpath: //button[@class='radius']]
Verify Display Text[[ChromeDriver: chrome on WINDOWS (e7bbdf697712f8566933cc778adeaf4a)] -> xpath: //div[@id="content"]/div/h2]]]>
  </system-out>
</testsuite> <!-- com.herokuapp.testsuite.LoginPageTest -->
